<?xml version="1.0" encoding="UTF-8"?>
<!-- Generated by org.testng.reporters.JUnitReportReporter -->
<testsuite hostname="Appu" name="learning.TestClass" tests="1" failures="0" timestamp="16 Jun 2018 15:47:41 GMT" time="25.900" errors="0">
  <testcase name="test_Home_Page_Appear_Correct" time="25.900" classname="learning.TestClass"/>
</testsuite> <!-- learning.TestClass -->
